#
# An unexpected error has occurred (6)
#
Stack:
/lib/x86_64-linux-gnu/libc.so.6(+0x42520) [0x7fc79f419520]
/lib/x86_64-linux-gnu/libc.so.6(pthread_kill+0x12c) [0x7fc79f46d9fc]
/lib/x86_64-linux-gnu/libc.so.6(raise+0x16) [0x7fc79f419476]
/lib/x86_64-linux-gnu/libc.so.6(abort+0xd3) [0x7fc79f3ff7f3]
/lib/x86_64-linux-gnu/libc.so.6(+0x89676) [0x7fc79f460676]
/lib/x86_64-linux-gnu/libc.so.6(+0xa0cfc) [0x7fc79f477cfc]
/lib/x86_64-linux-gnu/libc.so.6(realloc+0x36c) [0x7fc79f47caac]
/lib/x86_64-linux-gnu/libudev.so.1(+0x15707) [0x7fc7a15b1707]
/lib/x86_64-linux-gnu/libudev.so.1(+0x1bb1b) [0x7fc7a15b7b1b]
/lib/x86_64-linux-gnu/libudev.so.1(+0x75ff) [0x7fc7a15a35ff]
/lib/x86_64-linux-gnu/libudev.so.1(+0x7b6b) [0x7fc7a15a3b6b]
/lib/x86_64-linux-gnu/libudev.so.1(+0x10192) [0x7fc7a15ac192]
/lib/x86_64-linux-gnu/libudev.so.1(+0x105d3) [0x7fc7a15ac5d3]
/lib/x86_64-linux-gnu/libudev.so.1(udev_enumerate_scan_devices+0x2a1) [0x7fc7a15ad341]
/tools/Xilinx/Vivado/2020.2/lib/lnx64.o/libXil_lmgr11.so(+0x10f927) [0x7fc794b0f927]
/tools/Xilinx/Vivado/2020.2/lib/lnx64.o/libXil_lmgr11.so(xilinxd_52bd858d5acf2fc4+0x9) [0x7fc794b0fd89]
/tools/Xilinx/Vivado/2020.2/lib/lnx64.o/libXil_lmgr11.so(+0xc6566) [0x7fc794ac6566]
/tools/Xilinx/Vivado/2020.2/lib/lnx64.o/libXil_lmgr11.so(xilinxd_52bd853912de43c2+0xc8) [0x7fc794ac6098]
/tools/Xilinx/Vivado/2020.2/lib/lnx64.o/libXil_lmgr11.so(+0xb33a2) [0x7fc794ab33a2]
/tools/Xilinx/Vivado/2020.2/lib/lnx64.o/libXil_lmgr11.so(+0xab970) [0x7fc794aab970]
/tools/Xilinx/Vivado/2020.2/lib/lnx64.o/libXil_lmgr11.so(+0xad40d) [0x7fc794aad40d]
/tools/Xilinx/Vivado/2020.2/lib/lnx64.o/libXil_lmgr11.so(xilinxd_52bd90013417a1dc+0x34c) [0x7fc794aa4ebc]
/tools/Xilinx/Vivado/2020.2/lib/lnx64.o/libXil_lmgr11.so(xilinxd_52bd6fcc5faf4a0e+0x99) [0x7fc794aa5079]
/tools/Xilinx/Vivado/2020.2/lib/lnx64.o/libXil_lmgr11.so(XilFNP::XilFlex::XF_lc_checkout(lm_handle*, char*, char*, int, int, vendorcode7*, int, unsigned char*)+0x146) [0x7fc794a5f606]
/tools/Xilinx/Vivado/2020.2/lib/lnx64.o/librdi_commonxillic.so(+0x7ad3c) [0x7fc799c7ad3c]
/tools/Xilinx/Vivado/2020.2/lib/lnx64.o/librdi_commonxillic.so(+0x7b657) [0x7fc799c7b657]
/tools/Xilinx/Vivado/2020.2/lib/lnx64.o/librdi_commonxillic.so(XilReg::Utils::GetRegKey(std::__cxx11::basic_string<char, std::char_traits<char>, std::allocator<char> > const&, std::__cxx11::basic_string<char, std::char_traits<char>, std::allocator<char> > const&, std::__cxx11::basic_string<char, std::char_traits<char>, std::allocator<char> > const&, unsigned long, int*, bool*, int*, std::__cxx11::basic_string<char, std::char_traits<char>, std::allocator<char> >&, bool*, std::vector<std::pair<std::__cxx11::basic_string<char, std::char_traits<char>, std::allocator<char> >, lm_handle*>, std::allocator<std::pair<std::__cxx11::basic_string<char, std::char_traits<char>, std::allocator<char> >, lm_handle*> > >&)+0x94) [0x7fc799c7c7a4]
/tools/Xilinx/Vivado/2020.2/lib/lnx64.o/librdi_commonxillic.so(XilReg::Utils::GetRegKey(lm_handle**, std::__cxx11::basic_string<char, std::char_traits<char>, std::allocator<char> > const&, std::__cxx11::basic_string<char, std::char_traits<char>, std::allocator<char> > const&, int*, bool*, int*, std::__cxx11::basic_string<char, std::char_traits<char>, std::allocator<char> >&, bool*, unsigned char*)+0x8d) [0x7fc799c7c85d]
/tools/Xilinx/Vivado/2020.2/lib/lnx64.o/librdi_common.so(HLRegMgr::checkoutFeature(HLFeature*, std::__cxx11::basic_string<char, std::char_traits<char>, std::allocator<char> > const&, bool, bool) const+0x299) [0x7fc7a0822a39]
/tools/Xilinx/Vivado/2020.2/lib/lnx64.o/librdi_common.so(HLRegMgr::getFeature(std::__cxx11::basic_string<char, std::char_traits<char>, std::allocator<char> > const&, bool, std::__cxx11::basic_string<char, std::char_traits<char>, std::allocator<char> > const&, bool) const+0x109) [0x7fc7a0824039]
/tools/Xilinx/Vivado/2020.2/lib/lnx64.o/librdi_common.so(HLRegUtils::HLLRegCheckHandler::getRegKey(std::__cxx11::basic_string<char, std::char_traits<char>, std::allocator<char> > const&)+0x56) [0x7fc7a0824ca6]
/tools/Xilinx/Vivado/2020.2/lib/lnx64.o/librdi_vivadotasks.so(+0x5d2a94) [0x7fc7443d2a94]
/tools/Xilinx/Vivado/2020.2/lib/lnx64.o/librdi_vivadotasks.so(+0x5e0d05) [0x7fc7443e0d05]
/tools/Xilinx/Vivado/2020.2/lib/lnx64.o/librdi_common.so(+0x9cfb1d) [0x7fc7a0bcfb1d]
/tools/Xilinx/Vivado/2020.2/lib/lnx64.o/libtcl8.5.so(+0x3356f) [0x7fc79903356f]
/tools/Xilinx/Vivado/2020.2/lib/lnx64.o/libtcl8.5.so(+0x34bf8) [0x7fc799034bf8]
/tools/Xilinx/Vivado/2020.2/lib/lnx64.o/libtcl8.5.so(Tcl_EvalEx+0x13) [0x7fc799035163]
/tools/Xilinx/Vivado/2020.2/lib/lnx64.o/libtcl8.5.so(Tcl_FSEvalFileEx+0x1da) [0x7fc799099d2a]
/tools/Xilinx/Vivado/2020.2/lib/lnx64.o/librdi_commontasks.so(+0x1f8c0d) [0x7fc7919f8c0d]
/tools/Xilinx/Vivado/2020.2/lib/lnx64.o/librdi_common.so(+0x9cfb1d) [0x7fc7a0bcfb1d]
/tools/Xilinx/Vivado/2020.2/lib/lnx64.o/libtcl8.5.so(+0x3356f) [0x7fc79903356f]
/tools/Xilinx/Vivado/2020.2/lib/lnx64.o/libtcl8.5.so(Tcl_EvalObjv+0x32) [0x7fc7990336a2]
/tools/Xilinx/Vivado/2020.2/lib/lnx64.o/libtcl8.5.so(TclEvalObjEx+0x322) [0x7fc7990354c2]
/tools/Xilinx/Vivado/2020.2/lib/lnx64.o/librdi_commontasks.so(+0x23f1d9) [0x7fc791a3f1d9]
/tools/Xilinx/Vivado/2020.2/lib/lnx64.o/librdi_commontasks.so(+0x240bde) [0x7fc791a40bde]
/tools/Xilinx/Vivado/2020.2/lib/lnx64.o/librdi_common.so(+0x9cfb1d) [0x7fc7a0bcfb1d]
/tools/Xilinx/Vivado/2020.2/lib/lnx64.o/libtcl8.5.so(+0x3356f) [0x7fc79903356f]
/tools/Xilinx/Vivado/2020.2/lib/lnx64.o/libtcl8.5.so(Tcl_EvalObjv+0x32) [0x7fc7990336a2]
/tools/Xilinx/Vivado/2020.2/lib/lnx64.o/libtcl8.5.so(TclEvalObjEx+0x322) [0x7fc7990354c2]
/tools/Xilinx/Vivado/2020.2/lib/lnx64.o/librdi_commonmain.so(+0xad53) [0x7fc79fe0ad53]
/tools/Xilinx/Vivado/2020.2/lib/lnx64.o/libtcl8.5.so(Tcl_Main+0x1d0) [0x7fc7990a02f0]
/tools/Xilinx/Vivado/2020.2/lib/lnx64.o/librdi_common.so(+0xa1442b) [0x7fc7a0c1442b]
/lib/x86_64-linux-gnu/libc.so.6(+0x94ac3) [0x7fc79f46bac3]
/lib/x86_64-linux-gnu/libc.so.6(+0x126850) [0x7fc79f4fd850]
