#
# An unexpected error has occurred (6)
#
Stack:
/lib/x86_64-linux-gnu/libc.so.6(+0x42520) [0x7f82c0819520]
/lib/x86_64-linux-gnu/libc.so.6(pthread_kill+0x12c) [0x7f82c086d9fc]
/lib/x86_64-linux-gnu/libc.so.6(raise+0x16) [0x7f82c0819476]
/lib/x86_64-linux-gnu/libc.so.6(abort+0xd3) [0x7f82c07ff7f3]
/lib/x86_64-linux-gnu/libc.so.6(+0x89676) [0x7f82c0860676]
/lib/x86_64-linux-gnu/libc.so.6(+0xa0cfc) [0x7f82c0877cfc]
/lib/x86_64-linux-gnu/libc.so.6(+0xa4c6c) [0x7f82c087bc6c]
/lib/x86_64-linux-gnu/libc.so.6(realloc+0x122) [0x7f82c087c862]
/lib/x86_64-linux-gnu/libudev.so.1(+0x15707) [0x7f82bfc78707]
/lib/x86_64-linux-gnu/libudev.so.1(+0x1bb1b) [0x7f82bfc7eb1b]
/lib/x86_64-linux-gnu/libudev.so.1(+0x75ff) [0x7f82bfc6a5ff]
/lib/x86_64-linux-gnu/libudev.so.1(+0x7b6b) [0x7f82bfc6ab6b]
/lib/x86_64-linux-gnu/libudev.so.1(+0x10192) [0x7f82bfc73192]
/lib/x86_64-linux-gnu/libudev.so.1(+0x105d3) [0x7f82bfc735d3]
/lib/x86_64-linux-gnu/libudev.so.1(udev_enumerate_scan_devices+0x2a1) [0x7f82bfc74341]
/tools/Xilinx/Vivado/2020.2/lib/lnx64.o/libXil_lmgr11.so(+0x10f927) [0x7f82b5f0f927]
/tools/Xilinx/Vivado/2020.2/lib/lnx64.o/libXil_lmgr11.so(xilinxd_52bd858d5acf2fc4+0x9) [0x7f82b5f0fd89]
/tools/Xilinx/Vivado/2020.2/lib/lnx64.o/libXil_lmgr11.so(+0xc6566) [0x7f82b5ec6566]
/tools/Xilinx/Vivado/2020.2/lib/lnx64.o/libXil_lmgr11.so(xilinxd_52bd853912de43c2+0xc8) [0x7f82b5ec6098]
/tools/Xilinx/Vivado/2020.2/lib/lnx64.o/libXil_lmgr11.so(+0xb33a2) [0x7f82b5eb33a2]
/tools/Xilinx/Vivado/2020.2/lib/lnx64.o/libXil_lmgr11.so(xilinxd_52bd995765656b48+0x2a) [0x7f82b5ebd5da]
/tools/Xilinx/Vivado/2020.2/lib/lnx64.o/libXil_lmgr11.so(xilinxd_52bd700d1bd3c616+0x73) [0x7f82b5ebd6c3]
/tools/Xilinx/Vivado/2020.2/lib/lnx64.o/librdi_commonxillic.so(XilReg::Utils::GetHostInfo[abi:cxx11](XilReg::Utils::HostInfoType, bool) const+0x1c8) [0x7f82bb075f68]
/tools/Xilinx/Vivado/2020.2/lib/lnx64.o/librdi_commonxillic.so(XilReg::Utils::GetHostInfoFormatted[abi:cxx11](XilReg::Utils::HostInfoType, bool) const+0x52) [0x7f82bb079d62]
/tools/Xilinx/Vivado/2020.2/lib/lnx64.o/librdi_commonxillic.so(XilReg::Utils::GetHostInfo[abi:cxx11]() const+0x183) [0x7f82bb07a023]
/tools/Xilinx/Vivado/2020.2/lib/lnx64.o/librdi_commonxillic.so(XilReg::Utils::GetRegInfo(std::__cxx11::basic_string<char, std::char_traits<char>, std::allocator<char> > const&, bool, bool)+0xc6) [0x7f82bb084996]
/tools/Xilinx/Vivado/2020.2/lib/lnx64.o/librdi_commonxillic.so(XilReg::Utils::GetRegInfoWebTalk(std::__cxx11::basic_string<char, std::char_traits<char>, std::allocator<char> > const&)+0x60) [0x7f82bb084c20]
/tools/Xilinx/Vivado/2020.2/lib/lnx64.o/librdi_project.so(HAPRWebtalkHelper::getRegistrationId[abi:cxx11]() const+0x3a) [0x7f8280a8cada]
/tools/Xilinx/Vivado/2020.2/lib/lnx64.o/librdi_project.so(HAPRWebtalkHelper::HAPRWebtalkHelper(HAPRProject*, HAPRDesign*, HWEWebtalkMgr*, std::__cxx11::basic_string<char, std::char_traits<char>, std::allocator<char> > const&)+0xb0) [0x7f8280a8cf50]
/tools/Xilinx/Vivado/2020.2/lib/lnx64.o/librdi_tcltasks.so(+0x1907636) [0x7f82b0907636]
/tools/Xilinx/Vivado/2020.2/lib/lnx64.o/librdi_tcltasks.so(+0x1912e12) [0x7f82b0912e12]
/tools/Xilinx/Vivado/2020.2/lib/lnx64.o/librdi_common.so(+0x9cfb1d) [0x7f82c1fcfb1d]
/tools/Xilinx/Vivado/2020.2/lib/lnx64.o/libtcl8.5.so(+0x3356f) [0x7f82ba43356f]
/tools/Xilinx/Vivado/2020.2/lib/lnx64.o/libtcl8.5.so(+0x76945) [0x7f82ba476945]
/tools/Xilinx/Vivado/2020.2/lib/lnx64.o/libtcl8.5.so(+0x7e0f9) [0x7f82ba47e0f9]
/tools/Xilinx/Vivado/2020.2/lib/lnx64.o/libtcl8.5.so(TclEvalObjEx+0x76) [0x7f82ba435216]
/tools/Xilinx/Vivado/2020.2/lib/lnx64.o/librdi_common.so(+0x9ce041) [0x7f82c1fce041]
/tools/Xilinx/Vivado/2020.2/lib/lnx64.o/libtcl8.5.so(Tcl_ServiceEvent+0x7f) [0x7f82ba4a7bef]
/tools/Xilinx/Vivado/2020.2/lib/lnx64.o/libtcl8.5.so(Tcl_DoOneEvent+0x154) [0x7f82ba4a7f24]
/tools/Xilinx/Vivado/2020.2/lib/lnx64.o/librdi_commontasks.so(+0x23caa5) [0x7f82b2e3caa5]
/tools/Xilinx/Vivado/2020.2/lib/lnx64.o/librdi_commontasks.so(+0x23fbb5) [0x7f82b2e3fbb5]
/tools/Xilinx/Vivado/2020.2/lib/lnx64.o/librdi_commontasks.so(+0x240bde) [0x7f82b2e40bde]
/tools/Xilinx/Vivado/2020.2/lib/lnx64.o/librdi_common.so(+0x9cfb1d) [0x7f82c1fcfb1d]
/tools/Xilinx/Vivado/2020.2/lib/lnx64.o/libtcl8.5.so(+0x3356f) [0x7f82ba43356f]
/tools/Xilinx/Vivado/2020.2/lib/lnx64.o/libtcl8.5.so(+0x76945) [0x7f82ba476945]
/tools/Xilinx/Vivado/2020.2/lib/lnx64.o/libtcl8.5.so(+0x7e0f9) [0x7f82ba47e0f9]
/tools/Xilinx/Vivado/2020.2/lib/lnx64.o/libtcl8.5.so(TclEvalObjEx+0x76) [0x7f82ba435216]
/tools/Xilinx/Vivado/2020.2/lib/lnx64.o/librdi_commonmain.so(+0xad53) [0x7f82c120ad53]
/tools/Xilinx/Vivado/2020.2/lib/lnx64.o/libtcl8.5.so(Tcl_Main+0x1d0) [0x7f82ba4a02f0]
/tools/Xilinx/Vivado/2020.2/lib/lnx64.o/librdi_common.so(+0xa1442b) [0x7f82c201442b]
/lib/x86_64-linux-gnu/libc.so.6(+0x94ac3) [0x7f82c086bac3]
/lib/x86_64-linux-gnu/libc.so.6(+0x126850) [0x7f82c08fd850]
