#
# An unexpected error has occurred (6)
#
Stack:
/lib/x86_64-linux-gnu/libc.so.6(+0x42520) [0x7f6952e19520]
/lib/x86_64-linux-gnu/libc.so.6(pthread_kill+0x12c) [0x7f6952e6d9fc]
/lib/x86_64-linux-gnu/libc.so.6(raise+0x16) [0x7f6952e19476]
/lib/x86_64-linux-gnu/libc.so.6(abort+0xd3) [0x7f6952dff7f3]
/lib/x86_64-linux-gnu/libc.so.6(+0x89676) [0x7f6952e60676]
/lib/x86_64-linux-gnu/libc.so.6(+0xa0cfc) [0x7f6952e77cfc]
/lib/x86_64-linux-gnu/libc.so.6(realloc+0x36c) [0x7f6952e7caac]
/lib/x86_64-linux-gnu/libudev.so.1(+0x15707) [0x7f6953a33707]
/lib/x86_64-linux-gnu/libudev.so.1(+0x1bb1b) [0x7f6953a39b1b]
/lib/x86_64-linux-gnu/libudev.so.1(+0x75ff) [0x7f6953a255ff]
/lib/x86_64-linux-gnu/libudev.so.1(+0x7b6b) [0x7f6953a25b6b]
/lib/x86_64-linux-gnu/libudev.so.1(+0x10192) [0x7f6953a2e192]
/lib/x86_64-linux-gnu/libudev.so.1(+0x105d3) [0x7f6953a2e5d3]
/lib/x86_64-linux-gnu/libudev.so.1(udev_enumerate_scan_devices+0x2a1) [0x7f6953a2f341]
/tools/Xilinx/Vivado/2020.2/lib/lnx64.o/libXil_lmgr11.so(+0x10f927) [0x7f694850f927]
/tools/Xilinx/Vivado/2020.2/lib/lnx64.o/libXil_lmgr11.so(xilinxd_52bd858d5acf2fc4+0x9) [0x7f694850fd89]
/tools/Xilinx/Vivado/2020.2/lib/lnx64.o/libXil_lmgr11.so(+0xc6566) [0x7f69484c6566]
/tools/Xilinx/Vivado/2020.2/lib/lnx64.o/libXil_lmgr11.so(xilinxd_52bd853912de43c2+0xc8) [0x7f69484c6098]
/tools/Xilinx/Vivado/2020.2/lib/lnx64.o/libXil_lmgr11.so(+0xb33a2) [0x7f69484b33a2]
/tools/Xilinx/Vivado/2020.2/lib/lnx64.o/libXil_lmgr11.so(xilinxd_52bd995765656b48+0x2a) [0x7f69484bd5da]
/tools/Xilinx/Vivado/2020.2/lib/lnx64.o/libXil_lmgr11.so(xilinxd_52bd700d1bd3c616+0x73) [0x7f69484bd6c3]
/tools/Xilinx/Vivado/2020.2/lib/lnx64.o/librdi_commonxillic.so(XilReg::Utils::GetHostInfo[abi:cxx11](XilReg::Utils::HostInfoType, bool) const+0x1c8) [0x7f694d675f68]
/tools/Xilinx/Vivado/2020.2/lib/lnx64.o/librdi_commonxillic.so(XilReg::Utils::GetHostInfoFormatted[abi:cxx11](XilReg::Utils::HostInfoType, bool) const+0x52) [0x7f694d679d62]
/tools/Xilinx/Vivado/2020.2/lib/lnx64.o/librdi_commonxillic.so(XilReg::Utils::GetHostInfo[abi:cxx11]() const+0x183) [0x7f694d67a023]
/tools/Xilinx/Vivado/2020.2/lib/lnx64.o/librdi_commonxillic.so(XilReg::Utils::GetRegInfo(std::__cxx11::basic_string<char, std::char_traits<char>, std::allocator<char> > const&, bool, bool)+0xc6) [0x7f694d684996]
/tools/Xilinx/Vivado/2020.2/lib/lnx64.o/librdi_commonxillic.so(XilReg::Utils::GetRegInfoWebTalk(std::__cxx11::basic_string<char, std::char_traits<char>, std::allocator<char> > const&)+0x60) [0x7f694d684c20]
/tools/Xilinx/Vivado/2020.2/lib/lnx64.o/librdi_project.so(HAPRWebtalkHelper::getRegistrationId[abi:cxx11]() const+0x3a) [0x7f691308cada]
/tools/Xilinx/Vivado/2020.2/lib/lnx64.o/librdi_project.so(HAPRWebtalkHelper::HAPRWebtalkHelper(HAPRProject*, HAPRDesign*, HWEWebtalkMgr*, std::__cxx11::basic_string<char, std::char_traits<char>, std::allocator<char> > const&)+0xb0) [0x7f691308cf50]
/tools/Xilinx/Vivado/2020.2/lib/lnx64.o/librdi_tcltasks.so(+0x1907636) [0x7f6942f07636]
/tools/Xilinx/Vivado/2020.2/lib/lnx64.o/librdi_tcltasks.so(+0x1912e12) [0x7f6942f12e12]
/tools/Xilinx/Vivado/2020.2/lib/lnx64.o/librdi_common.so(+0x9cfb1d) [0x7f69545cfb1d]
/tools/Xilinx/Vivado/2020.2/lib/lnx64.o/libtcl8.5.so(+0x3356f) [0x7f694ca3356f]
/tools/Xilinx/Vivado/2020.2/lib/lnx64.o/libtcl8.5.so(+0x76945) [0x7f694ca76945]
/tools/Xilinx/Vivado/2020.2/lib/lnx64.o/libtcl8.5.so(+0x7e0f9) [0x7f694ca7e0f9]
/tools/Xilinx/Vivado/2020.2/lib/lnx64.o/libtcl8.5.so(TclEvalObjEx+0x76) [0x7f694ca35216]
/tools/Xilinx/Vivado/2020.2/lib/lnx64.o/librdi_common.so(+0x9ce041) [0x7f69545ce041]
/tools/Xilinx/Vivado/2020.2/lib/lnx64.o/libtcl8.5.so(Tcl_ServiceEvent+0x7f) [0x7f694caa7bef]
/tools/Xilinx/Vivado/2020.2/lib/lnx64.o/libtcl8.5.so(Tcl_DoOneEvent+0x154) [0x7f694caa7f24]
/tools/Xilinx/Vivado/2020.2/lib/lnx64.o/librdi_commontasks.so(+0x23caa5) [0x7f694543caa5]
/tools/Xilinx/Vivado/2020.2/lib/lnx64.o/librdi_commontasks.so(+0x23fbb5) [0x7f694543fbb5]
/tools/Xilinx/Vivado/2020.2/lib/lnx64.o/librdi_commontasks.so(+0x240bde) [0x7f6945440bde]
/tools/Xilinx/Vivado/2020.2/lib/lnx64.o/librdi_common.so(+0x9cfb1d) [0x7f69545cfb1d]
/tools/Xilinx/Vivado/2020.2/lib/lnx64.o/libtcl8.5.so(+0x3356f) [0x7f694ca3356f]
/tools/Xilinx/Vivado/2020.2/lib/lnx64.o/libtcl8.5.so(+0x76945) [0x7f694ca76945]
/tools/Xilinx/Vivado/2020.2/lib/lnx64.o/libtcl8.5.so(+0x7e0f9) [0x7f694ca7e0f9]
/tools/Xilinx/Vivado/2020.2/lib/lnx64.o/libtcl8.5.so(TclEvalObjEx+0x76) [0x7f694ca35216]
/tools/Xilinx/Vivado/2020.2/lib/lnx64.o/librdi_commonmain.so(+0xad53) [0x7f695380ad53]
/tools/Xilinx/Vivado/2020.2/lib/lnx64.o/libtcl8.5.so(Tcl_Main+0x1d0) [0x7f694caa02f0]
/tools/Xilinx/Vivado/2020.2/lib/lnx64.o/librdi_common.so(+0xa1442b) [0x7f695461442b]
/lib/x86_64-linux-gnu/libc.so.6(+0x94ac3) [0x7f6952e6bac3]
/lib/x86_64-linux-gnu/libc.so.6(+0x126850) [0x7f6952efd850]
